# JRE version: OpenJDK Runtime Environment Temurin-21.0.8+9 (21.0.8+9) (build 21.0.8+9-LTS)
# Java VM: OpenJDK 64-Bit Server VM Temurin-21.0.8+9 (21.0.8+9-LTS, mixed mode, sharing, tiered, compressed oops, compressed class ptrs, parallel gc, windows-amd64)
GC Precious Log:
 CardTable entry size: 512
 CPUs: 4 total, 4 available
 Memory: 7971M
 Large Page Support: Disabled
 NUMA Support: Disabled
 Compressed Oops: Enabled (32-bit)
 Alignments: Space 512K, Generation 512K, Heap 2M
 Heap Min Capacity: 100M
 Heap Initial Capacity: 100M
 Heap Max Capacity: 2G
 Pre-touch: Disabled
 Parallel Workers: 4
Heap:
 PSYoungGen      total 18432K, used 17493K [0x00000000d5580000, 0x00000000d6a80000, 0x0000000100000000)
  eden space 15360K, 93% used [0x00000000d5580000,0x00000000d6396be0,0x00000000d6480000)
  from space 3072K, 99% used [0x00000000d6480000,0x00000000d677e9b8,0x00000000d6780000)
  to   space 3072K, 0% used [0x00000000d6780000,0x00000000d6780000,0x00000000d6a80000)
 ParOldGen       total 68608K, used 57472K [0x0000000080000000, 0x0000000084300000, 0x00000000d5580000)
  object space 68608K, 83% used [0x0000000080000000,0x0000000083820018,0x0000000084300000)
 Metaspace       used 61400K, committed 62912K, reserved 1114112K
  class space    used 6570K, committed 7296K, reserved 1048576K
GC Heap History (20 events):
Event: 82.982 GC heap before
{Heap before GC invocations=43 (full 3):
 PSYoungGen      total 19968K, used 19648K [0x00000000d5580000, 0x00000000d6b00000, 0x0000000100000000)
  eden space 17920K, 100% used [0x00000000d5580000,0x00000000d6700000,0x00000000d6700000)
  from space 2048K, 84% used [0x00000000d6700000,0x00000000d68b0000,0x00000000d6900000)
  to   space 2048K, 0% used [0x00000000d6900000,0x00000000d6900000,0x00000000d6b00000)
 ParOldGen       total 68608K, used 39030K [0x0000000080000000, 0x0000000084300000, 0x00000000d5580000)
  object space 68608K, 56% used [0x0000000080000000,0x000000008261d970,0x0000000084300000)
 Metaspace       used 58648K, committed 59968K, reserved 1114112K
  class space    used 6308K, committed 6848K, reserved 1048576K
}
Event: 82.991 GC heap after
{Heap after GC invocations=43 (full 3):
 PSYoungGen      total 19968K, used 1700K [0x00000000d5580000, 0x00000000d6b00000, 0x0000000100000000)
  eden space 17920K, 0% used [0x00000000d5580000,0x00000000d5580000,0x00000000d6700000)
  from space 2048K, 83% used [0x00000000d6900000,0x00000000d6aa9000,0x00000000d6b00000)
  to   space 2048K, 0% used [0x00000000d6700000,0x00000000d6700000,0x00000000d6900000)
 ParOldGen       total 68608K, used 40668K [0x0000000080000000, 0x0000000084300000, 0x00000000d5580000)
  object space 68608K, 59% used [0x0000000080000000,0x00000000827b7320,0x0000000084300000)
 Metaspace       used 58648K, committed 59968K, reserved 1114112K
  class space    used 6308K, committed 6848K, reserved 1048576K
}
Event: 83.154 GC heap before
{Heap before GC invocations=44 (full 3):
 PSYoungGen      total 19968K, used 19620K [0x00000000d5580000, 0x00000000d6b00000, 0x0000000100000000)
  eden space 17920K, 100% used [0x00000000d5580000,0x00000000d6700000,0x00000000d6700000)
  from space 2048K, 83% used [0x00000000d6900000,0x00000000d6aa9000,0x00000000d6b00000)
  to   space 2048K, 0% used [0x00000000d6700000,0x00000000d6700000,0x00000000d6900000)
 ParOldGen       total 68608K, used 40668K [0x0000000080000000, 0x0000000084300000, 0x00000000d5580000)
  object space 68608K, 59% used [0x0000000080000000,0x00000000827b7320,0x0000000084300000)
 Metaspace       used 58656K, committed 60032K, reserved 1114112K
  class space    used 6308K, committed 6912K, reserved 1048576K
}
Event: 83.167 GC heap after
{Heap after GC invocations=44 (full 3):
 PSYoungGen      total 19968K, used 1824K [0x00000000d5580000, 0x00000000d6b00000, 0x0000000100000000)
  eden space 17920K, 0% used [0x00000000d5580000,0x00000000d5580000,0x00000000d6700000)
  from space 2048K, 89% used [0x00000000d6700000,0x00000000d68c8010,0x00000000d6900000)
  to   space 2048K, 0% used [0x00000000d6900000,0x00000000d6900000,0x00000000d6b00000)
 ParOldGen       total 68608K, used 42277K [0x0000000080000000, 0x0000000084300000, 0x00000000d5580000)
  object space 68608K, 61% used [0x0000000080000000,0x0000000082949420,0x0000000084300000)
 Metaspace       used 58656K, committed 60032K, reserved 1114112K
  class space    used 6308K, committed 6912K, reserved 1048576K
}
Event: 83.567 GC heap before
{Heap before GC invocations=45 (full 3):
 PSYoungGen      total 19968K, used 19744K [0x00000000d5580000, 0x00000000d6b00000, 0x0000000100000000)
  eden space 17920K, 100% used [0x00000000d5580000,0x00000000d6700000,0x00000000d6700000)
  from space 2048K, 89% used [0x00000000d6700000,0x00000000d68c8010,0x00000000d6900000)
  to   space 2048K, 0% used [0x00000000d6900000,0x00000000d6900000,0x00000000d6b00000)
 ParOldGen       total 68608K, used 42277K [0x0000000080000000, 0x0000000084300000, 0x00000000d5580000)
  object space 68608K, 61% used [0x0000000080000000,0x0000000082949420,0x0000000084300000)
 Metaspace       used 58712K, committed 60096K, reserved 1114112K
  class space    used 6308K, committed 6912K, reserved 1048576K
}
Event: 83.573 GC heap after
{Heap after GC invocations=45 (full 3):
 PSYoungGen      total 19968K, used 1568K [0x00000000d5580000, 0x00000000d6b00000, 0x0000000100000000)
  eden space 17920K, 0% used [0x00000000d5580000,0x00000000d5580000,0x00000000d6700000)
  from space 2048K, 76% used [0x00000000d6900000,0x00000000d6a88000,0x00000000d6b00000)
  to   space 2048K, 0% used [0x00000000d6700000,0x00000000d6700000,0x00000000d6900000)
 ParOldGen       total 68608K, used 44037K [0x0000000080000000, 0x0000000084300000, 0x00000000d5580000)
  object space 68608K, 64% used [0x0000000080000000,0x0000000082b01430,0x0000000084300000)
 Metaspace       used 58712K, committed 60096K, reserved 1114112K
  class space    used 6308K, committed 6912K, reserved 1048576K
}
Event: 83.710 GC heap before
{Heap before GC invocations=46 (full 3):
 PSYoungGen      total 19968K, used 19464K [0x00000000d5580000, 0x00000000d6b00000, 0x0000000100000000)
  eden space 17920K, 99% used [0x00000000d5580000,0x00000000d66fa2c0,0x00000000d6700000)
  from space 2048K, 76% used [0x00000000d6900000,0x00000000d6a88000,0x00000000d6b00000)
  to   space 2048K, 0% used [0x00000000d6700000,0x00000000d6700000,0x00000000d6900000)
 ParOldGen       total 68608K, used 44037K [0x0000000080000000, 0x0000000084300000, 0x00000000d5580000)
  object space 68608K, 64% used [0x0000000080000000,0x0000000082b01430,0x0000000084300000)
 Metaspace       used 58811K, committed 60160K, reserved 1114112K
  class space    used 6314K, committed 6912K, reserved 1048576K
}
Event: 83.714 GC heap after
{Heap after GC invocations=46 (full 3):
 PSYoungGen      total 19968K, used 1536K [0x00000000d5580000, 0x00000000d6b00000, 0x0000000100000000)
  eden space 17920K, 0% used [0x00000000d5580000,0x00000000d5580000,0x00000000d6700000)
  from space 2048K, 75% used [0x00000000d6700000,0x00000000d6880000,0x00000000d6900000)
  to   space 2048K, 0% used [0x00000000d6900000,0x00000000d6900000,0x00000000d6b00000)
 ParOldGen       total 68608K, used 45541K [0x0000000080000000, 0x0000000084300000, 0x00000000d5580000)
  object space 68608K, 66% used [0x0000000080000000,0x0000000082c79440,0x0000000084300000)
 Metaspace       used 58811K, committed 60160K, reserved 1114112K
  class space    used 6314K, committed 6912K, reserved 1048576K
}
Event: 84.051 GC heap before
{Heap before GC invocations=47 (full 3):
 PSYoungGen      total 19968K, used 19456K [0x00000000d5580000, 0x00000000d6b00000, 0x0000000100000000)
  eden space 17920K, 100% used [0x00000000d5580000,0x00000000d6700000,0x00000000d6700000)
  from space 2048K, 75% used [0x00000000d6700000,0x00000000d6880000,0x00000000d6900000)
  to   space 2048K, 0% used [0x00000000d6900000,0x00000000d6900000,0x00000000d6b00000)
 ParOldGen       total 68608K, used 45541K [0x0000000080000000, 0x0000000084300000, 0x00000000d5580000)
  object space 68608K, 66% used [0x0000000080000000,0x0000000082c79440,0x0000000084300000)
 Metaspace       used 59573K, committed 60864K, reserved 1114112K
  class space    used 6391K, committed 6976K, reserved 1048576K
}
Event: 84.055 GC heap after
{Heap after GC invocations=47 (full 3):
 PSYoungGen      total 19968K, used 1529K [0x00000000d5580000, 0x00000000d6b00000, 0x0000000100000000)
  eden space 17920K, 0% used [0x00000000d5580000,0x00000000d5580000,0x00000000d6700000)
  from space 2048K, 74% used [0x00000000d6900000,0x00000000d6a7e708,0x00000000d6b00000)
  to   space 2048K, 0% used [0x00000000d6700000,0x00000000d6700000,0x00000000d6900000)
 ParOldGen       total 68608K, used 47045K [0x0000000080000000, 0x0000000084300000, 0x00000000d5580000)
  object space 68608K, 68% used [0x0000000080000000,0x0000000082df1640,0x0000000084300000)
 Metaspace       used 59573K, committed 60864K, reserved 1114112K
  class space    used 6391K, committed 6976K, reserved 1048576K
}
Event: 84.537 GC heap before
{Heap before GC invocations=48 (full 3):
 PSYoungGen      total 19968K, used 19449K [0x00000000d5580000, 0x00000000d6b00000, 0x0000000100000000)
  eden space 17920K, 100% used [0x00000000d5580000,0x00000000d6700000,0x00000000d6700000)
  from space 2048K, 74% used [0x00000000d6900000,0x00000000d6a7e708,0x00000000d6b00000)
  to   space 2048K, 0% used [0x00000000d6700000,0x00000000d6700000,0x00000000d6900000)
 ParOldGen       total 68608K, used 47045K [0x0000000080000000, 0x0000000084300000, 0x00000000d5580000)
  object space 68608K, 68% used [0x0000000080000000,0x0000000082df1640,0x0000000084300000)
 Metaspace       used 60125K, committed 61568K, reserved 1114112K
  class space    used 6446K, committed 7104K, reserved 1048576K
}
Event: 84.542 GC heap after
{Heap after GC invocations=48 (full 3):
 PSYoungGen      total 19456K, used 1216K [0x00000000d5580000, 0x00000000d6a00000, 0x0000000100000000)
  eden space 17920K, 0% used [0x00000000d5580000,0x00000000d5580000,0x00000000d6700000)
  from space 1536K, 79% used [0x00000000d6700000,0x00000000d6830000,0x00000000d6880000)
  to   space 1536K, 0% used [0x00000000d6880000,0x00000000d6880000,0x00000000d6a00000)
 ParOldGen       total 68608K, used 48517K [0x0000000080000000, 0x0000000084300000, 0x00000000d5580000)
  object space 68608K, 70% used [0x0000000080000000,0x0000000082f617f8,0x0000000084300000)
 Metaspace       used 60125K, committed 61568K, reserved 1114112K
  class space    used 6446K, committed 7104K, reserved 1048576K
}
Event: 84.996 GC heap before
{Heap before GC invocations=49 (full 3):
 PSYoungGen      total 19456K, used 19136K [0x00000000d5580000, 0x00000000d6a00000, 0x0000000100000000)
  eden space 17920K, 100% used [0x00000000d5580000,0x00000000d6700000,0x00000000d6700000)
  from space 1536K, 79% used [0x00000000d6700000,0x00000000d6830000,0x00000000d6880000)
  to   space 1536K, 0% used [0x00000000d6880000,0x00000000d6880000,0x00000000d6a00000)
 ParOldGen       total 68608K, used 48517K [0x0000000080000000, 0x0000000084300000, 0x00000000d5580000)
  object space 68608K, 70% used [0x0000000080000000,0x0000000082f617f8,0x0000000084300000)
 Metaspace       used 60912K, committed 62400K, reserved 1114112K
  class space    used 6523K, committed 7232K, reserved 1048576K
}
Event: 85.003 GC heap after
{Heap after GC invocations=49 (full 3):
 PSYoungGen      total 16896K, used 1520K [0x00000000d5580000, 0x00000000d6f00000, 0x0000000100000000)
  eden space 15360K, 0% used [0x00000000d5580000,0x00000000d5580000,0x00000000d6480000)
  from space 1536K, 98% used [0x00000000d6880000,0x00000000d69fc1d8,0x00000000d6a00000)
  to   space 4096K, 0% used [0x00000000d6480000,0x00000000d6480000,0x00000000d6880000)
 ParOldGen       total 68608K, used 50372K [0x0000000080000000, 0x0000000084300000, 0x00000000d5580000)
  object space 68608K, 73% used [0x0000000080000000,0x00000000831313c0,0x0000000084300000)
 Metaspace       used 60912K, committed 62400K, reserved 1114112K
  class space    used 6523K, committed 7232K, reserved 1048576K
}
Event: 85.181 GC heap before
{Heap before GC invocations=50 (full 3):
 PSYoungGen      total 16896K, used 16880K [0x00000000d5580000, 0x00000000d6f00000, 0x0000000100000000)
  eden space 15360K, 100% used [0x00000000d5580000,0x00000000d6480000,0x00000000d6480000)
  from space 1536K, 98% used [0x00000000d6880000,0x00000000d69fc1d8,0x00000000d6a00000)
  to   space 4096K, 0% used [0x00000000d6480000,0x00000000d6480000,0x00000000d6880000)
 ParOldGen       total 68608K, used 50372K [0x0000000080000000, 0x0000000084300000, 0x00000000d5580000)
  object space 68608K, 73% used [0x0000000080000000,0x00000000831313c0,0x0000000084300000)
 Metaspace       used 61075K, committed 62592K, reserved 1114112K
  class space    used 6541K, committed 7232K, reserved 1048576K
}
Event: 85.186 GC heap after
{Heap after GC invocations=50 (full 3):
 PSYoungGen      total 17920K, used 2379K [0x00000000d5580000, 0x00000000d6a80000, 0x0000000100000000)
  eden space 15360K, 0% used [0x00000000d5580000,0x00000000d5580000,0x00000000d6480000)
  from space 2560K, 92% used [0x00000000d6480000,0x00000000d66d2e20,0x00000000d6700000)
  to   space 3072K, 0% used [0x00000000d6780000,0x00000000d6780000,0x00000000d6a80000)
 ParOldGen       total 68608K, used 51797K [0x0000000080000000, 0x0000000084300000, 0x00000000d5580000)
  object space 68608K, 75% used [0x0000000080000000,0x0000000083295538,0x0000000084300000)
 Metaspace       used 61075K, committed 62592K, reserved 1114112K
  class space    used 6541K, committed 7232K, reserved 1048576K
}
Event: 85.288 GC heap before
{Heap before GC invocations=51 (full 3):
 PSYoungGen      total 17920K, used 17739K [0x00000000d5580000, 0x00000000d6a80000, 0x0000000100000000)
  eden space 15360K, 100% used [0x00000000d5580000,0x00000000d6480000,0x00000000d6480000)
  from space 2560K, 92% used [0x00000000d6480000,0x00000000d66d2e20,0x00000000d6700000)
  to   space 3072K, 0% used [0x00000000d6780000,0x00000000d6780000,0x00000000d6a80000)
 ParOldGen       total 68608K, used 51797K [0x0000000080000000, 0x0000000084300000, 0x00000000d5580000)
  object space 68608K, 75% used [0x0000000080000000,0x0000000083295538,0x0000000084300000)
 Metaspace       used 61080K, committed 62592K, reserved 1114112K
  class space    used 6541K, committed 7232K, reserved 1048576K
}
Event: 85.294 GC heap after
{Heap after GC invocations=51 (full 3):
 PSYoungGen      total 18432K, used 2627K [0x00000000d5580000, 0x00000000d6a80000, 0x0000000100000000)
  eden space 15360K, 0% used [0x00000000d5580000,0x00000000d5580000,0x00000000d6480000)
  from space 3072K, 85% used [0x00000000d6780000,0x00000000d6a10cb8,0x00000000d6a80000)
  to   space 3072K, 0% used [0x00000000d6480000,0x00000000d6480000,0x00000000d6780000)
 ParOldGen       total 68608K, used 53960K [0x0000000080000000, 0x0000000084300000, 0x00000000d5580000)
  object space 68608K, 78% used [0x0000000080000000,0x00000000834b2350,0x0000000084300000)
 Metaspace       used 61080K, committed 62592K, reserved 1114112K
  class space    used 6541K, committed 7232K, reserved 1048576K
}
Event: 85.740 GC heap before
{Heap before GC invocations=52 (full 3):
 PSYoungGen      total 18432K, used 17987K [0x00000000d5580000, 0x00000000d6a80000, 0x0000000100000000)
  eden space 15360K, 100% used [0x00000000d5580000,0x00000000d6480000,0x00000000d6480000)
  from space 3072K, 85% used [0x00000000d6780000,0x00000000d6a10cb8,0x00000000d6a80000)
  to   space 3072K, 0% used [0x00000000d6480000,0x00000000d6480000,0x00000000d6780000)
 ParOldGen       total 68608K, used 53960K [0x0000000080000000, 0x0000000084300000, 0x00000000d5580000)
  object space 68608K, 78% used [0x0000000080000000,0x00000000834b2350,0x0000000084300000)
 Metaspace       used 61398K, committed 62912K, reserved 1114112K
  class space    used 6570K, committed 7296K, reserved 1048576K
}
Event: 85.746 GC heap after
{Heap after GC invocations=52 (full 3):
 PSYoungGen      total 18432K, used 3066K [0x00000000d5580000, 0x00000000d6a80000, 0x0000000100000000)
  eden space 15360K, 0% used [0x00000000d5580000,0x00000000d5580000,0x00000000d6480000)
  from space 3072K, 99% used [0x00000000d6480000,0x00000000d677e9b8,0x00000000d6780000)
  to   space 3072K, 0% used [0x00000000d6780000,0x00000000d6780000,0x00000000d6a80000)
 ParOldGen       total 68608K, used 57472K [0x0000000080000000, 0x0000000084300000, 0x00000000d5580000)
  object space 68608K, 83% used [0x0000000080000000,0x0000000083820018,0x0000000084300000)
 Metaspace       used 61398K, committed 62912K, reserved 1114112K
  class space    used 6570K, committed 7296K, reserved 1048576K
}

